<?xml version="1.0" encoding="UTF-8"?>
<!-- Generated by org.testng.reporters.JUnitXMLReporter -->
<testsuite hostname="LTCH-5CD911212P" ignored="0" name="test1" tests="3" failures="0" timestamp="2023-07-20T07:58:12 IST" time="76.404" errors="0">
  <testcase name="runScenario" time="31.75" classname="io.cucumber.testng.AbstractTestNGCucumberTests"/>
  <testcase name="runScenario" time="31.982" classname="io.cucumber.testng.AbstractTestNGCucumberTests"/>
  <testcase name="runScenario" time="67.915" classname="io.cucumber.testng.AbstractTestNGCucumberTests"/>
</testsuite> <!-- test1 -->
