<?xml version="1.0" encoding="UTF-8"?>
<testng-results skipped="0" failed="0" ignored="0" total="3" passed="3">
  <reporter-output>
  </reporter-output>
  <suite name="Default suite" duration-ms="26374" started-at="2023-07-28T22:14:34 IST" finished-at="2023-07-28T22:15:00 IST">
    <groups>
      <group name="cucumber">
        <method signature="AbstractTestNGCucumberTests.runScenario(io.cucumber.testng.PickleWrapper,io.cucumber.testng.FeatureWrapper)[pri:0, instance:testRunner.TestRunner@17baae6e]" name="runScenario" class="io.cucumber.testng.AbstractTestNGCucumberTests"/>
      </group> <!-- cucumber -->
    </groups>
    <test name="Default test" duration-ms="26374" started-at="2023-07-28T22:14:34 IST" finished-at="2023-07-28T22:15:00 IST">
      <class name="testRunner.TestRunner">
        <test-method status="PASS" signature="setUpClass(org.testng.ITestContext)[pri:0, instance:testRunner.TestRunner@17baae6e]" name="setUpClass" is-config="true" duration-ms="1171" started-at="2023-07-28T22:14:34 IST" finished-at="2023-07-28T22:14:35 IST">
          <params>
            <param index="0">
              <value>
                <![CDATA[org.testng.TestRunner@7e094740]]>
              </value>
            </param>
          </params>
          <reporter-output>
          </reporter-output>
        </test-method> <!-- setUpClass -->
        <test-method status="PASS" signature="runScenario(io.cucumber.testng.PickleWrapper,io.cucumber.testng.FeatureWrapper)[pri:0, instance:testRunner.TestRunner@17baae6e]" name="runScenario" duration-ms="21550" started-at="2023-07-28T22:14:35 IST" description="Runs Cucumber Scenarios" data-provider="scenarios" finished-at="2023-07-28T22:14:57 IST">
          <params>
            <param index="0">
              <value>
                <![CDATA["Verify google search"]]>
              </value>
            </param>
            <param index="1">
              <value>
                <![CDATA["Optional[Google search]"]]>
              </value>
            </param>
          </params>
          <reporter-output>
          </reporter-output>
        </test-method> <!-- runScenario -->
        <test-method status="PASS" signature="runScenario(io.cucumber.testng.PickleWrapper,io.cucumber.testng.FeatureWrapper)[pri:0, instance:testRunner.TestRunner@17baae6e]" name="runScenario" duration-ms="21375" started-at="2023-07-28T22:14:35 IST" description="Runs Cucumber Scenarios" data-provider="scenarios" finished-at="2023-07-28T22:14:57 IST">
          <params>
            <param index="0">
              <value>
                <![CDATA["Verify google search"]]>
              </value>
            </param>
            <param index="1">
              <value>
                <![CDATA["Optional[Google Sign In]"]]>
              </value>
            </param>
          </params>
          <reporter-output>
          </reporter-output>
        </test-method> <!-- runScenario -->
        <test-method status="PASS" signature="runScenario(io.cucumber.testng.PickleWrapper,io.cucumber.testng.FeatureWrapper)[pri:0, instance:testRunner.TestRunner@17baae6e]" name="runScenario" duration-ms="21402" started-at="2023-07-28T22:14:35 IST" description="Runs Cucumber Scenarios" data-provider="scenarios" finished-at="2023-07-28T22:14:57 IST">
          <params>
            <param index="0">
              <value>
                <![CDATA["Verify google search"]]>
              </value>
            </param>
            <param index="1">
              <value>
                <![CDATA["Optional[Google search]"]]>
              </value>
            </param>
          </params>
          <reporter-output>
          </reporter-output>
        </test-method> <!-- runScenario -->
        <test-method status="PASS" signature="tearDownClass()[pri:0, instance:testRunner.TestRunner@17baae6e]" name="tearDownClass" is-config="true" duration-ms="3589" started-at="2023-07-28T22:14:57 IST" finished-at="2023-07-28T22:15:00 IST">
          <reporter-output>
          </reporter-output>
        </test-method> <!-- tearDownClass -->
      </class> <!-- testRunner.TestRunner -->
    </test> <!-- Default test -->
  </suite> <!-- Default suite -->
</testng-results>
